======================================================================
 4. gshadow 
======================================================================
Check> Unused account 
----------------------------------------------------------------------
# cat /etc/gshadow 
root:*::
daemon:*::
bin:*::
sys:*::
adm:*::syslog
tty:*::
disk:*::
lp:*::
mail:*::
news:*::
uucp:*::
man:*::
proxy:*::
kmem:*::
dialout:*::
fax:*::
voice:*::
cdrom:*::
floppy:*::
tape:*::
sudo:*::gt,root,scoringbot
audio:*::
dip:*::
www-data:*::
backup:*::
operator:*::
list:*::
irc:*::
src:*::
gnats:*::
shadow:*::
utmp:*::
video:*::
sasl:*::
plugdev:*::
staff:*::
games:*::
users:*::
nogroup:*::
systemd-journal:!::
systemd-network:!::
systemd-resolve:!::
systemd-timesync:!::
crontab:!::
messagebus:!::
input:!::
kvm:!::
render:!::
syslog:!::
lxd:!::
uuidd:!::
tcpdump:!::
ssh:!::
systemd-coredump:!!::
gt:!::
scoringbot:!::
docker:!::
----------------------------------------------------------------------

