======================================================================
 8.1. root Bash Shell History 
======================================================================
Check> Abnormal Command 
----------------------------------------------------------------------
# cat /root/.bash_history 
File Not Found
----------------------------------------------------------------------

======================================================================
 8.2. gt User Bash Shell History 
======================================================================
Check> Abnormal Command 
----------------------------------------------------------------------
# cat /home/gt/.bash_history
 File Not Found
----------------------------------------------------------------------
======================================================================
 8.2. scoringbot User Bash Shell History 
======================================================================
Check> Abnormal Command 
----------------------------------------------------------------------
# cat /home/scoringbot/.bash_history
 File Not Found
----------------------------------------------------------------------

