======================================================================
 1.1. passwd File
======================================================================
Check> File Permissions '-rw-r--r--' - Normal
----------------------------------------------------------------------
# ls -al /etc/passwd 
-rw-r--r-- 1 root root 1577 Apr  8 17:19 /etc/passwd
----------------------------------------------------------------------

======================================================================
 1.2. shadow File
======================================================================
Check> File Permissions '-r--------', '----------' - Normal
----------------------------------------------------------------------
# ls -al /etc/shadow 
-rw-r----- 1 root shadow 1158 Apr  8 17:19 /etc/shadow
----------------------------------------------------------------------

======================================================================
 1.3 group File
======================================================================
Check> File Permissions '-rw-r--r--', '-r--------' - Normal
----------------------------------------------------------------------
# ls -al /etc/group
-rw-r--r-- 1 root root 766 Apr  8 17:19 /etc/group
----------------------------------------------------------------------

