======================================================================
 4.1. SetUID set File
======================================================================
Check> Check
----------------------------------------------------------------------
# find / -user root -perm -4000 -print -xdev
/var/lib/docker/overlay2/165e3181b5522f2f50f28ddc34a39b0edfe5f0020b22a0db53a7b1bcd3e5bae5/diff/usr/sbin/exim4
/var/lib/docker/overlay2/fd0be1c523afdda3027bdb78357ddec6fc5c23c092ef144f75552abbe31980dd/diff/usr/bin/chfn
/var/lib/docker/overlay2/fd0be1c523afdda3027bdb78357ddec6fc5c23c092ef144f75552abbe31980dd/diff/usr/bin/newgrp
/var/lib/docker/overlay2/fd0be1c523afdda3027bdb78357ddec6fc5c23c092ef144f75552abbe31980dd/diff/usr/bin/passwd
/var/lib/docker/overlay2/fd0be1c523afdda3027bdb78357ddec6fc5c23c092ef144f75552abbe31980dd/diff/usr/bin/gpasswd
/var/lib/docker/overlay2/fd0be1c523afdda3027bdb78357ddec6fc5c23c092ef144f75552abbe31980dd/diff/usr/bin/chsh
/var/lib/docker/overlay2/fd0be1c523afdda3027bdb78357ddec6fc5c23c092ef144f75552abbe31980dd/diff/bin/su
/var/lib/docker/overlay2/fd0be1c523afdda3027bdb78357ddec6fc5c23c092ef144f75552abbe31980dd/diff/bin/mount
/var/lib/docker/overlay2/fd0be1c523afdda3027bdb78357ddec6fc5c23c092ef144f75552abbe31980dd/diff/bin/umount
/var/lib/docker/overlay2/2141bc32d4a9c29ea0f39668ef94ae22c7d89c722d41da99849d61e9559766fb/diff/usr/lib/openssh/ssh-keysign
/var/lib/docker/overlay2/ffaecca6e11d579c881fb17daf683d3276f79682d8e73d27a2135eecdfb08033/diff/usr/bin/chfn
/var/lib/docker/overlay2/ffaecca6e11d579c881fb17daf683d3276f79682d8e73d27a2135eecdfb08033/diff/usr/bin/su
/var/lib/docker/overlay2/ffaecca6e11d579c881fb17daf683d3276f79682d8e73d27a2135eecdfb08033/diff/usr/bin/newgrp
/var/lib/docker/overlay2/ffaecca6e11d579c881fb17daf683d3276f79682d8e73d27a2135eecdfb08033/diff/usr/bin/mount
/var/lib/docker/overlay2/ffaecca6e11d579c881fb17daf683d3276f79682d8e73d27a2135eecdfb08033/diff/usr/bin/passwd
/var/lib/docker/overlay2/ffaecca6e11d579c881fb17daf683d3276f79682d8e73d27a2135eecdfb08033/diff/usr/bin/umount
/var/lib/docker/overlay2/ffaecca6e11d579c881fb17daf683d3276f79682d8e73d27a2135eecdfb08033/diff/usr/bin/gpasswd
/var/lib/docker/overlay2/ffaecca6e11d579c881fb17daf683d3276f79682d8e73d27a2135eecdfb08033/diff/usr/bin/chsh
/usr/bin/chfn
/usr/bin/su
/usr/bin/fusermount
/usr/bin/newgrp
/usr/bin/mount
/usr/bin/passwd
/usr/bin/umount
/usr/bin/sudo
/usr/bin/gpasswd
/usr/bin/chsh
/usr/lib/dbus-1.0/dbus-daemon-launch-helper
/usr/lib/eject/dmcrypt-get-device
/usr/lib/openssh/ssh-keysign
----------------------------------------------------------------------

======================================================================
 4.2. SetGID set File
======================================================================
# find / -perm -2000 -print -xdev
/var/mail
/var/log/journal
/var/log/journal/e70944171421476282ae3f2981cd3bc7
/var/log/journal/a7b947b16c534f038c7e821ea0164e8e
/var/lib/docker/overlay2/9e052722e57b1e2170620b83b9fea2ecadac38017001cfdc3f22844b106dc079/diff/var/mail
/var/lib/docker/overlay2/9e052722e57b1e2170620b83b9fea2ecadac38017001cfdc3f22844b106dc079/diff/var/log/exim4
/var/lib/docker/overlay2/165e3181b5522f2f50f28ddc34a39b0edfe5f0020b22a0db53a7b1bcd3e5bae5/diff/var/log/exim4
/var/lib/docker/overlay2/165e3181b5522f2f50f28ddc34a39b0edfe5f0020b22a0db53a7b1bcd3e5bae5/diff/usr/bin/crontab
/var/lib/docker/overlay2/165e3181b5522f2f50f28ddc34a39b0edfe5f0020b22a0db53a7b1bcd3e5bae5/diff/usr/bin/dotlock.mailutils
/var/lib/docker/overlay2/54d6bbd1eb563dffedd97b0805741bb1853ef946064641e04f39c5577182a96e/diff/usr/local/lib/python3.8
/var/lib/docker/overlay2/54d6bbd1eb563dffedd97b0805741bb1853ef946064641e04f39c5577182a96e/diff/usr/local/lib/python3.8/dist-packages
/var/lib/docker/overlay2/fd0be1c523afdda3027bdb78357ddec6fc5c23c092ef144f75552abbe31980dd/diff/sbin/unix_chkpwd
/var/lib/docker/overlay2/fd0be1c523afdda3027bdb78357ddec6fc5c23c092ef144f75552abbe31980dd/diff/var/mail
/var/lib/docker/overlay2/fd0be1c523afdda3027bdb78357ddec6fc5c23c092ef144f75552abbe31980dd/diff/var/local
/var/lib/docker/overlay2/fd0be1c523afdda3027bdb78357ddec6fc5c23c092ef144f75552abbe31980dd/diff/usr/bin/wall
/var/lib/docker/overlay2/fd0be1c523afdda3027bdb78357ddec6fc5c23c092ef144f75552abbe31980dd/diff/usr/bin/expiry
/var/lib/docker/overlay2/fd0be1c523afdda3027bdb78357ddec6fc5c23c092ef144f75552abbe31980dd/diff/usr/bin/chage
/var/lib/docker/overlay2/a7d4d77553a56d3261b060b3b027eb03e539beb1063d57a21be5bbad61c470e3/diff/usr/local/share/fonts
/var/lib/docker/overlay2/2141bc32d4a9c29ea0f39668ef94ae22c7d89c722d41da99849d61e9559766fb/diff/usr/bin/ssh-agent
/var/lib/docker/overlay2/ffaecca6e11d579c881fb17daf683d3276f79682d8e73d27a2135eecdfb08033/diff/var/mail
/var/lib/docker/overlay2/ffaecca6e11d579c881fb17daf683d3276f79682d8e73d27a2135eecdfb08033/diff/var/local
/var/lib/docker/overlay2/ffaecca6e11d579c881fb17daf683d3276f79682d8e73d27a2135eecdfb08033/diff/usr/sbin/unix_chkpwd
/var/lib/docker/overlay2/ffaecca6e11d579c881fb17daf683d3276f79682d8e73d27a2135eecdfb08033/diff/usr/sbin/pam_extrausers_chkpwd
/var/lib/docker/overlay2/ffaecca6e11d579c881fb17daf683d3276f79682d8e73d27a2135eecdfb08033/diff/usr/bin/wall
/var/lib/docker/overlay2/ffaecca6e11d579c881fb17daf683d3276f79682d8e73d27a2135eecdfb08033/diff/usr/bin/expiry
/var/lib/docker/overlay2/ffaecca6e11d579c881fb17daf683d3276f79682d8e73d27a2135eecdfb08033/diff/usr/bin/chage
/var/local
/usr/sbin/unix_chkpwd
/usr/sbin/pam_extrausers_chkpwd
/usr/bin/wall
/usr/bin/expiry
/usr/bin/ssh-agent
/usr/bin/crontab
/usr/bin/chage
/usr/bin/bsd-write
/usr/lib/mc/cons.saver
/usr/lib/x86_64-linux-gnu/utempter/utempter
/usr/local/lib/python3.8
/usr/local/lib/python3.8/dist-packages
/usr/local/lib/python3.8/dist-packages/dotenv
/usr/local/lib/python3.8/dist-packages/dotenv/__pycache__
/usr/local/lib/python3.8/dist-packages/docker
/usr/local/lib/python3.8/dist-packages/docker/context
/usr/local/lib/python3.8/dist-packages/docker/context/__pycache__
/usr/local/lib/python3.8/dist-packages/docker/transport
/usr/local/lib/python3.8/dist-packages/docker/transport/__pycache__
/usr/local/lib/python3.8/dist-packages/docker/credentials
/usr/local/lib/python3.8/dist-packages/docker/credentials/__pycache__
/usr/local/lib/python3.8/dist-packages/docker/api
/usr/local/lib/python3.8/dist-packages/docker/api/__pycache__
/usr/local/lib/python3.8/dist-packages/docker/utils
/usr/local/lib/python3.8/dist-packages/docker/utils/__pycache__
/usr/local/lib/python3.8/dist-packages/docker/models
/usr/local/lib/python3.8/dist-packages/docker/models/__pycache__
/usr/local/lib/python3.8/dist-packages/docker/types
/usr/local/lib/python3.8/dist-packages/docker/types/__pycache__
/usr/local/lib/python3.8/dist-packages/docker/__pycache__
/usr/local/lib/python3.8/dist-packages/jsonschema
/usr/local/lib/python3.8/dist-packages/jsonschema/benchmarks
/usr/local/lib/python3.8/dist-packages/jsonschema/benchmarks/__pycache__
/usr/local/lib/python3.8/dist-packages/jsonschema/schemas
/usr/local/lib/python3.8/dist-packages/jsonschema/tests
/usr/local/lib/python3.8/dist-packages/jsonschema/tests/__pycache__
/usr/local/lib/python3.8/dist-packages/jsonschema/__pycache__
/usr/local/lib/python3.8/dist-packages/compose
/usr/local/lib/python3.8/dist-packages/compose/config
/usr/local/lib/python3.8/dist-packages/compose/config/__pycache__
/usr/local/lib/python3.8/dist-packages/compose/cli
/usr/local/lib/python3.8/dist-packages/compose/cli/__pycache__
/usr/local/lib/python3.8/dist-packages/compose/metrics
/usr/local/lib/python3.8/dist-packages/compose/metrics/__pycache__
/usr/local/lib/python3.8/dist-packages/compose/__pycache__
/usr/local/lib/python3.8/dist-packages/jsonschema-3.2.0.dist-info
/usr/local/lib/python3.8/dist-packages/distro
/usr/local/lib/python3.8/dist-packages/distro/__pycache__
/usr/local/lib/python3.8/dist-packages/pyrsistent-0.18.1.dist-info
/usr/local/lib/python3.8/dist-packages/attrs
/usr/local/lib/python3.8/dist-packages/attrs/__pycache__
/usr/local/lib/python3.8/dist-packages/python_dotenv-0.20.0.dist-info
/usr/local/lib/python3.8/dist-packages/distro-1.7.0.dist-info
/usr/local/lib/python3.8/dist-packages/websocket
/usr/local/lib/python3.8/dist-packages/websocket/tests
/usr/local/lib/python3.8/dist-packages/websocket/tests/data
/usr/local/lib/python3.8/dist-packages/websocket/tests/__pycache__
/usr/local/lib/python3.8/dist-packages/websocket/__pycache__
/usr/local/lib/python3.8/dist-packages/dockerpty-0.4.1.dist-info
/usr/local/lib/python3.8/dist-packages/attr
/usr/local/lib/python3.8/dist-packages/attr/__pycache__
/usr/local/lib/python3.8/dist-packages/attrs-21.4.0.dist-info
/usr/local/lib/python3.8/dist-packages/websocket_client-1.3.2.dist-info
/usr/local/lib/python3.8/dist-packages/texttable-1.6.4.dist-info
/usr/local/lib/python3.8/dist-packages/dockerpty
/usr/local/lib/python3.8/dist-packages/dockerpty/__pycache__
/usr/local/lib/python3.8/dist-packages/docopt-0.6.2.dist-info
/usr/local/lib/python3.8/dist-packages/docker_compose-1.29.2.dist-info
/usr/local/lib/python3.8/dist-packages/__pycache__
/usr/local/lib/python3.8/dist-packages/pyrsistent
/usr/local/lib/python3.8/dist-packages/pyrsistent/__pycache__
/usr/local/lib/python3.8/dist-packages/docker-5.0.3.dist-info
/usr/local/share/fonts
----------------------------------------------------------------------

======================================================================
 4.3 Sticky Bit set File
======================================================================
# find / -perm -1000 -print -xdev
/var/tmp
/var/tmp/systemd-private-ac504c733aa9484395ccf6697a6345e7-systemd-resolved.service-4uRT8f/tmp
/var/tmp/systemd-private-ac504c733aa9484395ccf6697a6345e7-systemd-logind.service-2m5ycf/tmp
/var/tmp/systemd-private-ac504c733aa9484395ccf6697a6345e7-systemd-timesyncd.service-dpSNff/tmp
/var/spool/cron/crontabs
/var/lib/docker/overlay2/9e052722e57b1e2170620b83b9fea2ecadac38017001cfdc3f22844b106dc079/diff/tmp
/var/lib/docker/overlay2/165e3181b5522f2f50f28ddc34a39b0edfe5f0020b22a0db53a7b1bcd3e5bae5/diff/var/spool/cron/crontabs
/var/lib/docker/overlay2/165e3181b5522f2f50f28ddc34a39b0edfe5f0020b22a0db53a7b1bcd3e5bae5/diff/tmp
/var/lib/docker/overlay2/54d6bbd1eb563dffedd97b0805741bb1853ef946064641e04f39c5577182a96e/diff/tmp
/var/lib/docker/overlay2/dc11bc7d81eb083e298df0b31109f344ff5e727b158c4ba2e6190e684c01c505/diff/tmp
/var/lib/docker/overlay2/fd0be1c523afdda3027bdb78357ddec6fc5c23c092ef144f75552abbe31980dd/diff/var/tmp
/var/lib/docker/overlay2/fd0be1c523afdda3027bdb78357ddec6fc5c23c092ef144f75552abbe31980dd/diff/tmp
/var/lib/docker/overlay2/fd0be1c523afdda3027bdb78357ddec6fc5c23c092ef144f75552abbe31980dd/diff/run/lock
/var/lib/docker/overlay2/06f5ad49e2c827e28f0650bd7861ec8f151e97c0259753d5f3acef968ef06091/diff/tmp
/var/lib/docker/overlay2/5edfe018d7bf96ee23e53db9136ab9f937566d581ea4a1538f1eb6013a1b36e9/diff/tmp
/var/lib/docker/overlay2/a7d4d77553a56d3261b060b3b027eb03e539beb1063d57a21be5bbad61c470e3/diff/tmp
/var/lib/docker/overlay2/483a0e07d368fde17086c7ded3cae4b823683f13f89f8b41efe2008e22f338d8/diff/tmp
/var/lib/docker/overlay2/2141bc32d4a9c29ea0f39668ef94ae22c7d89c722d41da99849d61e9559766fb/diff/tmp
/var/lib/docker/overlay2/63e68b28235a355a1900eeedc9dfec4cd739770672a528e564d533fa83c8da15/diff/tmp
/var/lib/docker/overlay2/069a71aeaa56bd816c9b860b66ad91d3591f23211c9116781627e4b754a02cd9/diff/tmp
/var/lib/docker/overlay2/3c3b3f0e2d1f2bea284e934f34b092639366deac39ac7c3426a8847bcbf1af62/diff/tmp
/var/lib/docker/overlay2/ffaecca6e11d579c881fb17daf683d3276f79682d8e73d27a2135eecdfb08033/diff/var/tmp
/var/lib/docker/overlay2/ffaecca6e11d579c881fb17daf683d3276f79682d8e73d27a2135eecdfb08033/diff/tmp
/var/lib/docker/overlay2/ffaecca6e11d579c881fb17daf683d3276f79682d8e73d27a2135eecdfb08033/diff/run/lock
/var/lib/docker/overlay2/50c0a7e5433acfd81265b5e44be7617ff1f8975cc67459aeb7ad6e17f31a6c49/diff/tmp
/var/lib/docker/overlay2/ddafdac27c48e2785b42f98f7c390190f2574573bbf86a95537200073fd91a55/diff/var/spool/cron/crontabs
/var/lib/docker/overlay2/b70aebf3c5fe823fa281f42eefcb48865bf12066e7743f5eee8e66ba0127d82b/diff/tmp
/tmp
/tmp/systemd-private-ac504c733aa9484395ccf6697a6345e7-systemd-logind.service-MIjjhi/tmp
/tmp/.XIM-unix
/tmp/.ICE-unix
/tmp/.X11-unix
/tmp/.Test-unix
/tmp/systemd-private-ac504c733aa9484395ccf6697a6345e7-systemd-resolved.service-nymZIi/tmp
/tmp/systemd-private-ac504c733aa9484395ccf6697a6345e7-systemd-timesyncd.service-1jcbNg/tmp
/tmp/.font-unix
----------------------------------------------------------------------

