======================================================================
 1.1. IP Address 
======================================================================
# ifconfig
Fine Not Found
----------------------------------------------------------------------

======================================================================
 1.2. Sniffing 
======================================================================
Check> Promiscous Mode 
----------------------------------------------------------------------
# ifconfig | grep "PROMIS" 
No Sniffer Mode 
----------------------------------------------------------------------

======================================================================
 1.3. ARP 
======================================================================
Check> Duplicate of (IP, MAC) address in MAC-IP binding - Spooping 
----------------------------------------------------------------------
# arp -a 
 Not Found
--------------------------------------------------------------------

