======================================================================
 5.1. System Banner - issue 
======================================================================
Check> Modified System Banner Information
----------------------------------------------------------------------
# cat /etc/issue 
Ubuntu 20.04 LTS \n \l

----------------------------------------------------------------------

======================================================================
 5.2. System Banner - issue.net 
======================================================================
Check> Modified System Banner Information
----------------------------------------------------------------------
# cat /etc/issue.net 
Ubuntu 20.04 LTS
----------------------------------------------------------------------

======================================================================
 5.3. System Banner - motd 
======================================================================
Check> Modified System Banner Information
----------------------------------------------------------------------
# cat /etc/motd 
 /etc/motd File Not Found.
----------------------------------------------------------------------

