======================================================================
 4. CPU State
======================================================================
# top -n 1
[?1h=[?25l[H[2J(B[mtop - 06:29:25 up 4 days, 13:01,  1 user,  load average: 0.37, 0.12, 0.03(B[m[39;49m(B[m[39;49m[K
Tasks:(B[m[39;49m[1m 163 (B[m[39;49mtotal,(B[m[39;49m[1m   1 (B[m[39;49mrunning,(B[m[39;49m[1m 159 (B[m[39;49msleeping,(B[m[39;49m[1m   2 (B[m[39;49mstopped,(B[m[39;49m[1m   1 (B[m[39;49mzombie(B[m[39;49m(B[m[39;49m[K
%Cpu(s):(B[m[39;49m[1m  0.0 (B[m[39;49mus,(B[m[39;49m[1m  3.2 (B[m[39;49msy,(B[m[39;49m[1m  0.0 (B[m[39;49mni,(B[m[39;49m[1m 96.8 (B[m[39;49mid,(B[m[39;49m[1m  0.0 (B[m[39;49mwa,(B[m[39;49m[1m  0.0 (B[m[39;49mhi,(B[m[39;49m[1m  0.0 (B[m[39;49msi,(B[m[39;49m[1m  0.0 (B[m[39;49mst(B[m[39;49m(B[m[39;49m[K
MiB Mem :(B[m[39;49m[1m   1959.9 (B[m[39;49mtotal,(B[m[39;49m[1m     71.9 (B[m[39;49mfree,(B[m[39;49m[1m   1279.4 (B[m[39;49mused,(B[m[39;49m[1m    608.6 (B[m[39;49mbuff/cache(B[m[39;49m(B[m[39;49m[K
MiB Swap:(B[m[39;49m[1m   1162.4 (B[m[39;49mtotal,(B[m[39;49m[1m   1071.4 (B[m[39;49mfree,(B[m[39;49m[1m     91.0 (B[m[39;49mused.(B[m[39;49m[1m    496.7 (B[m[39;49mavail Mem (B[m[39;49m(B[m[39;49m[K
[K
[7m    PID USER      PR  NI    VIRT    RES    SHR S  %CPU  %MEM     TIME+ COMMAND                                                                                (B[m[39;49m[K
(B[m      1 root      20   0  167120   9072   6676 S   0.0   0.5   2:10.61 systemd                                                                                (B[m[39;49m[K
(B[m      2 root      20   0       0      0      0 S   0.0   0.0   0:00.10 kthreadd                                                                               (B[m[39;49m[K
(B[m      3 root       0 -20       0      0      0 I   0.0   0.0   0:00.00 rcu_gp                                                                                 (B[m[39;49m[K
(B[m      4 root       0 -20       0      0      0 I   0.0   0.0   0:00.00 rcu_par_gp                                                                             (B[m[39;49m[K
(B[m      6 root       0 -20       0      0      0 I   0.0   0.0   0:00.00 kworker/0:0H-kblockd                                                                   (B[m[39;49m[K
(B[m      9 root       0 -20       0      0      0 I   0.0   0.0   0:00.00 mm_percpu_wq                                                                           (B[m[39;49m[K
(B[m     10 root      20   0       0      0      0 S   0.0   0.0   0:03.71 ksoftirqd/0                                                                            (B[m[39;49m[K
(B[m     11 root      20   0       0      0      0 I   0.0   0.0   1:42.88 rcu_sched                                                                              (B[m[39;49m[K
(B[m     12 root      rt   0       0      0      0 S   0.0   0.0   0:02.04 migration/0                                                                            (B[m[39;49m[K
(B[m     13 root     -51   0       0      0      0 S   0.0   0.0   0:00.00 idle_inject/0                                                                          (B[m[39;49m[K
(B[m     14 root      20   0       0      0      0 S   0.0   0.0   0:00.00 cpuhp/0                                                                                (B[m[39;49m[K
(B[m     15 root      20   0       0      0      0 S   0.0   0.0   0:00.00 cpuhp/1                                                                                (B[m[39;49m[K
(B[m     16 root     -51   0       0      0      0 S   0.0   0.0   0:00.00 idle_inject/1                                                                          (B[m[39;49m[K
(B[m     17 root      rt   0       0      0      0 S   0.0   0.0   0:01.99 migration/1                                                                            (B[m[39;49m[K
(B[m     18 root      20   0       0      0      0 S   0.0   0.0   0:03.40 ksoftirqd/1                                                                            (B[m[39;49m[K
(B[m     20 root       0 -20       0      0      0 I   0.0   0.0   0:00.00 kworker/1:0H-kblockd                                                                   (B[m[39;49m[K
(B[m     21 root      20   0       0      0      0 S   0.0   0.0   0:00.00 kdevtmpfs                                                                              (B[m[39;49m[K
(B[m     22 root       0 -20       0      0      0 I   0.0   0.0   0:00.00 netns                                                                                  (B[m[39;49m[K
(B[m     23 root      20   0       0      0      0 S   0.0   0.0   0:00.00 rcu_tasks_kthre                                                                        (B[m[39;49m[K
(B[m     24 root      20   0       0      0      0 S   0.0   0.0   0:00.00 kauditd                                                                                (B[m[39;49m[K
(B[m     28 root      20   0       0      0      0 S   0.0   0.0   0:00.37 khungtaskd                                                                             (B[m[39;49m[K
(B[m     29 root      20   0       0      0      0 S   0.0   0.0   0:00.00 oom_reaper                                                                             (B[m[39;49m[K
(B[m     30 root       0 -20       0      0      0 I   0.0   0.0   0:00.00 writeback                                                                              (B[m[39;49m[K
(B[m     31 root      20   0       0      0      0 S   0.0   0.0   0:00.00 kcompactd0                                                                             (B[m[39;49m[K
(B[m     32 root      25   5       0      0      0 S   0.0   0.0   0:00.00 ksmd                                                                                   (B[m[39;49m[K
(B[m     33 root      39  19       0      0      0 S   0.0   0.0   0:00.00 khugepaged                                                                             (B[m[39;49m[K
(B[m    125 root       0 -20       0      0      0 I   0.0   0.0   0:00.00 kintegrityd                                                                            (B[m[39;49m[K
(B[m    126 root       0 -20       0      0      0 I   0.0   0.0   0:00.00 kblockd                                                                                (B[m[39;49m[K
(B[m    127 root       0 -20       0      0      0 I   0.0   0.0   0:00.00 blkcg_punt_bio                                                                         (B[m[39;49m[K
(B[m    128 root       0 -20       0      0      0 I   0.0   0.0   0:00.00 tpm_dev_wq                                                                             (B[m[39;49m[K
(B[m    129 root       0 -20       0      0      0 I   0.0   0.0   0:00.00 ata_sff                                                                                (B[m[39;49m[K
(B[m    130 root       0 -20       0      0      0 I   0.0   0.0   0:00.00 md                                                                                     (B[m[39;49m[K
(B[m    131 root       0 -20       0      0      0 I   0.0   0.0   0:00.00 edac-poller                                                                            (B[m[39;49m[K
(B[m    132 root       0 -20       0      0      0 I   0.0   0.0   0:00.00 devfreq_wq                                                                             (B[m[39;49m[K
(B[m    133 root      rt   0       0      0      0 S   0.0   0.0   0:00.00 watchdogd                                                                              (B[m[39;49m[K[?1l>[43;1H
[?12l[?25h[K----------------------------------------------------------------------

