======================================================================
 7.1. System Enviroment PATH 
======================================================================
Check> System Enviroment Value, include ".", "::" - Abnormal
----------------------------------------------------------------------
# cat /etc/passwd 
/usr/local/sbin:/usr/local/bin:/usr/sbin:/usr/bin:/sbin:/bin:/usr/games:/usr/local/games
----------------------------------------------------------------------

======================================================================
 7.2. Chkrootkit Check 
======================================================================
# chkrootkit 
chkrootkit File Not Found
----------------------------------------------------------------------

======================================================================
 7.3. Rootkit Hunter Check 
======================================================================
# rkhunter -c --sk 
rkhunter Not Install
----------------------------------------------------------------------

