======================================================================
 10.1. root Crontab Schedule List 
======================================================================
Check> Abnormal Command 
----------------------------------------------------------------------
# crontab -u root -l
 No Data
----------------------------------------------------------------------

======================================================================
 10.2. gt User Crontab Schedule List 
======================================================================
Check> Abnormal Command 
----------------------------------------------------------------------
# crontab -u gt -l
 No Data
----------------------------------------------------------------------
======================================================================
 10.2. scoringbot User Crontab Schedule List 
======================================================================
Check> Abnormal Command 
----------------------------------------------------------------------
# crontab -u scoringbot -l
 No Data
----------------------------------------------------------------------

